<?xml version="1.0" encoding="UTF-8"?>
<!-- Generated by org.testng.reporters.JUnitReportReporter -->
<testsuite hostname="LAPTOP-VQ2HC2M1" failures="0" tests="1" name="Automation.Selenium.ErrorValidations" time="7.485" errors="0" timestamp="2023-04-02T13:00:00 IST" skipped="0">
  <testcase classname="Automation.Selenium.ErrorValidations" name="SubmitOrder" time="7.485"/>
  <system-out/>
</testsuite> <!-- Automation.Selenium.ErrorValidations -->
