<?xml version="1.0" encoding="UTF-8"?>
<!-- Generated by org.testng.reporters.JUnitReportReporter -->
<testsuite hostname="LAPTOP-VQ2HC2M1" failures="0" tests="1" name="Automation.Selenium.tutorial2testng" time="21.950" errors="0" timestamp="2023-04-01T21:21:05 IST" skipped="0">
  <testcase classname="Automation.Selenium.tutorial2testng" name="SubmitOrder" time="21.950"/>
  <system-out/>
</testsuite> <!-- Automation.Selenium.tutorial2testng -->
