<?xml version="1.0" encoding="UTF-8"?>
<!-- Generated by org.testng.reporters.JUnitReportReporter -->
<testsuite hostname="LAPTOP-VQ2HC2M1" failures="0" tests="2" name="Automation.Selenium.submitOrder" time="46.962" errors="0" timestamp="2023-04-02T19:45:35 IST" skipped="0">
  <testcase classname="Automation.Selenium.submitOrder" name="SubmitOrder" time="23.725"/>
  <system-out/>
  <testcase classname="Automation.Selenium.submitOrder" name="SubmitOrder" time="23.237"/>
  <system-out/>
</testsuite> <!-- Automation.Selenium.submitOrder -->
